<?xml version="1.0" encoding="UTF-8"?>
<!-- Generated by org.testng.reporters.JUnitReportReporter -->
<testsuite hostname="DESKTOP-56VHPC7" failures="0" tests="1" name="org.testng.TestNG_Adactin" time="1.480" errors="0" timestamp="2023-09-17T15:57:43 IST" skipped="0">
  <testcase classname="org.testng.TestNG_Adactin" name="adactin" time="1.480"/>
</testsuite> <!-- org.testng.TestNG_Adactin -->
