<?xml version="1.0" encoding="UTF-8"?>
<!-- Generated by org.testng.reporters.JUnitReportReporter -->
<testsuite hostname="DESKTOP-56VHPC7" failures="0" tests="2" name="org.testng.TestNG_Class" time="0.015" errors="0" timestamp="2023-09-05T19:30:17 IST" skipped="0">
  <testcase classname="org.testng.TestNG_Class" name="Trending" time="0.009"/>
  <testcase classname="org.testng.TestNG_Class" name="productpage" time="0.006"/>
</testsuite> <!-- org.testng.TestNG_Class -->
