<?xml version="1.0" encoding="UTF-8"?>
<!-- Generated by org.testng.reporters.JUnitReportReporter -->
<testsuite hostname="DESKTOP-56VHPC7" failures="0" tests="2" name="org.testng.Test_Class" time="0.012" errors="0" timestamp="2023-09-07T07:44:30 IST" skipped="0">
  <testcase classname="org.testng.Test_Class" name="browserlaunch" time="0.011"/>
  <testcase classname="org.testng.Test_Class" name="search" time="0.001"/>
</testsuite> <!-- org.testng.Test_Class -->
