<?xml version="1.0" encoding="UTF-8"?>
<!-- Generated by org.testng.reporters.JUnitReportReporter -->
<testsuite hostname="DESKTOP-56VHPC7" failures="0" tests="1" name="org.Adactin.TestNG" time="0.011" errors="0" timestamp="2023-09-05T18:46:51 IST" skipped="0">
  <testcase classname="org.Adactin.TestNG" name="hello" time="0.011"/>
</testsuite> <!-- org.Adactin.TestNG -->
